<?xml version="1.0" encoding="UTF-8"?>
<testng-results ignored="0" total="1" passed="1" failed="0" skipped="0">
  <reporter-output>
  </reporter-output>
  <suite started-at="2023-10-23T06:11:46 IST" name="Default suite" finished-at="2023-10-23T06:12:38 IST" duration-ms="52015">
    <groups>
    </groups>
    <test started-at="2023-10-23T06:11:46 IST" name="Default test" finished-at="2023-10-23T06:12:38 IST" duration-ms="52015">
      <class name="com.Zomato.testcases.LoginTestcase_001">
        <test-method is-config="true" signature="setup()[pri:0, instance:com.Zomato.testcases.LoginTestcase_001@cb0755b]" started-at="2023-10-23T06:11:46 IST" name="setup" finished-at="2023-10-23T06:12:34 IST" duration-ms="47572" status="PASS">
          <reporter-output>
          </reporter-output>
        </test-method> <!-- setup -->
        <test-method signature="linktext()[pri:0, instance:com.Zomato.testcases.LoginTestcase_001@cb0755b]" started-at="2023-10-23T06:12:34 IST" name="linktext" finished-at="2023-10-23T06:12:38 IST" duration-ms="4005" status="PASS">
          <reporter-output>
          </reporter-output>
        </test-method> <!-- linktext -->
        <test-method is-config="true" signature="teardown()[pri:0, instance:com.Zomato.testcases.LoginTestcase_001@cb0755b]" started-at="2023-10-23T06:12:38 IST" name="teardown" finished-at="2023-10-23T06:12:38 IST" duration-ms="344" status="PASS">
          <reporter-output>
          </reporter-output>
        </test-method> <!-- teardown -->
      </class> <!-- com.Zomato.testcases.LoginTestcase_001 -->
    </test> <!-- Default test -->
  </suite> <!-- Default suite -->
</testng-results>
